# JRE version: Java(TM) SE Runtime Environment (8.0_45-b14) (build 1.8.0_45-b14)
# Java VM: Java HotSpot(TM) Server VM (25.45-b02 mixed mode linux-x86 )
Heap:
 PSYoungGen      total 141568K, used 44981K [0x91ac0000, 0x9bc40000, 0xa7000000)
  eden space 127744K, 24% used [0x91ac0000,0x9392f6c8,0x99780000)
  from space 13824K, 99% used [0x9a840000,0x9b5bdea8,0x9b5c0000)
  to   space 17152K, 0% used [0x99780000,0x99780000,0x9a840000)
 ParOldGen       total 43776K, used 26258K [0x67000000, 0x69ac0000, 0x91ac0000)
  object space 43776K, 59% used [0x67000000,0x689a4a88,0x69ac0000)
 Metaspace       used 4482K, capacity 4486K, committed 4504K, reserved 5424K
GC Heap History (10 events):
Event: 3,066 GC heap before
{Heap before GC invocations=4 (full 0):
 PSYoungGen      total 19200K, used 19187K [0x91ac0000, 0x94040000, 0xa7000000)
  eden space 16640K, 100% used [0x91ac0000,0x92b00000,0x92b00000)
  from space 2560K, 99% used [0x92b00000,0x92d7cf28,0x92d80000)
  to   space 2560K, 0% used [0x93dc0000,0x93dc0000,0x94040000)
 ParOldGen       total 43776K, used 6542K [0x67000000, 0x69ac0000, 0x91ac0000)
  object space 43776K, 14% used [0x67000000,0x67663958,0x69ac0000)
 Metaspace       used 3792K, capacity 3870K, committed 3992K, reserved 4400K
Event: 3,079 GC heap after
Heap after GC invocations=4 (full 0):
 PSYoungGen      total 35840K, used 2544K [0x91ac0000, 0x94040000, 0xa7000000)
  eden space 33280K, 0% used [0x91ac0000,0x91ac0000,0x93b40000)
  from space 2560K, 99% used [0x93dc0000,0x9403c3c0,0x94040000)
  to   space 2560K, 0% used [0x93b40000,0x93b40000,0x93dc0000)
 ParOldGen       total 43776K, used 9191K [0x67000000, 0x69ac0000, 0x91ac0000)
  object space 43776K, 20% used [0x67000000,0x678f9e00,0x69ac0000)
 Metaspace       used 3792K, capacity 3870K, committed 3992K, reserved 4400K
}
Event: 3,567 GC heap before
{Heap before GC invocations=5 (full 0):
 PSYoungGen      total 35840K, used 35824K [0x91ac0000, 0x94040000, 0xa7000000)
  eden space 33280K, 100% used [0x91ac0000,0x93b40000,0x93b40000)
  from space 2560K, 99% used [0x93dc0000,0x9403c3c0,0x94040000)
  to   space 2560K, 0% used [0x93b40000,0x93b40000,0x93dc0000)
 ParOldGen       total 43776K, used 9191K [0x67000000, 0x69ac0000, 0x91ac0000)
  object space 43776K, 20% used [0x67000000,0x678f9e00,0x69ac0000)
 Metaspace       used 3804K, capacity 3870K, committed 3992K, reserved 4400K
Event: 3,602 GC heap after
Heap after GC invocations=5 (full 0):
 PSYoungGen      total 35840K, used 2559K [0x91ac0000, 0x96a40000, 0xa7000000)
  eden space 33280K, 0% used [0x91ac0000,0x91ac0000,0x93b40000)
  from space 2560K, 99% used [0x93b40000,0x93dbfc48,0x93dc0000)
  to   space 7424K, 0% used [0x96300000,0x96300000,0x96a40000)
 ParOldGen       total 43776K, used 14079K [0x67000000, 0x69ac0000, 0x91ac0000)
  object space 43776K, 32% used [0x67000000,0x67dbfd70,0x69ac0000)
 Metaspace       used 3804K, capacity 3870K, committed 3992K, reserved 4400K
}
Event: 4,014 GC heap before
{Heap before GC invocations=6 (full 0):
 PSYoungGen      total 35840K, used 35839K [0x91ac0000, 0x96a40000, 0xa7000000)
  eden space 33280K, 100% used [0x91ac0000,0x93b40000,0x93b40000)
  from space 2560K, 99% used [0x93b40000,0x93dbfc48,0x93dc0000)
  to   space 7424K, 0% used [0x96300000,0x96300000,0x96a40000)
 ParOldGen       total 43776K, used 14079K [0x67000000, 0x69ac0000, 0x91ac0000)
  object space 43776K, 32% used [0x67000000,0x67dbfd70,0x69ac0000)
 Metaspace       used 3879K, capacity 3906K, committed 3992K, reserved 4400K
Event: 4,030 GC heap after
Heap after GC invocations=6 (full 0):
 PSYoungGen      total 72960K, used 7422K [0x91ac0000, 0x96c40000, 0xa7000000)
  eden space 65536K, 0% used [0x91ac0000,0x91ac0000,0x95ac0000)
  from space 7424K, 99% used [0x96300000,0x96a3f8f8,0x96a40000)
  to   space 8448K, 0% used [0x95ac0000,0x95ac0000,0x96300000)
 ParOldGen       total 43776K, used 14283K [0x67000000, 0x69ac0000, 0x91ac0000)
  object space 43776K, 32% used [0x67000000,0x67df2de8,0x69ac0000)
 Metaspace       used 3879K, capacity 3906K, committed 3992K, reserved 4400K
}
Event: 4,732 GC heap before
{Heap before GC invocations=7 (full 0):
 PSYoungGen      total 72960K, used 72958K [0x91ac0000, 0x96c40000, 0xa7000000)
  eden space 65536K, 100% used [0x91ac0000,0x95ac0000,0x95ac0000)
  from space 7424K, 99% used [0x96300000,0x96a3f8f8,0x96a40000)
  to   space 8448K, 0% used [0x95ac0000,0x95ac0000,0x96300000)
 ParOldGen       total 43776K, used 14283K [0x67000000, 0x69ac0000, 0x91ac0000)
  object space 43776K, 32% used [0x67000000,0x67df2de8,0x69ac0000)
 Metaspace       used 3911K, capacity 3974K, committed 3992K, reserved 4400K
Event: 4,830 GC heap after
Heap after GC invocations=7 (full 0):
 PSYoungGen      total 73984K, used 8435K [0x91ac0000, 0x9b5c0000, 0xa7000000)
  eden space 65536K, 0% used [0x91ac0000,0x91ac0000,0x95ac0000)
  from space 8448K, 99% used [0x95ac0000,0x962fce98,0x96300000)
  to   space 13824K, 0% used [0x9a840000,0x9a840000,0x9b5c0000)
 ParOldGen       total 43776K, used 23135K [0x67000000, 0x69ac0000, 0x91ac0000)
  object space 43776K, 52% used [0x67000000,0x68697ea8,0x69ac0000)
 Metaspace       used 3911K, capacity 3974K, committed 3992K, reserved 4400K
}
Event: 5,639 GC heap before
{Heap before GC invocations=8 (full 0):
 PSYoungGen      total 73984K, used 73971K [0x91ac0000, 0x9b5c0000, 0xa7000000)
  eden space 65536K, 100% used [0x91ac0000,0x95ac0000,0x95ac0000)
  from space 8448K, 99% used [0x95ac0000,0x962fce98,0x96300000)
  to   space 13824K, 0% used [0x9a840000,0x9a840000,0x9b5c0000)
 ParOldGen       total 43776K, used 23135K [0x67000000, 0x69ac0000, 0x91ac0000)
  object space 43776K, 52% used [0x67000000,0x68697ea8,0x69ac0000)
 Metaspace       used 3917K, capacity 3974K, committed 3992K, reserved 4400K
Event: 5,683 GC heap after
Heap after GC invocations=8 (full 0):
 PSYoungGen      total 141568K, used 13815K [0x91ac0000, 0x9bc40000, 0xa7000000)
  eden space 127744K, 0% used [0x91ac0000,0x91ac0000,0x99780000)
  from space 13824K, 99% used [0x9a840000,0x9b5bdea8,0x9b5c0000)
  to   space 17152K, 0% used [0x99780000,0x99780000,0x9a840000)
 ParOldGen       total 43776K, used 26258K [0x67000000, 0x69ac0000, 0x91ac0000)
  object space 43776K, 59% used [0x67000000,0x689a4a88,0x69ac0000)
 Metaspace       used 3917K, capacity 3974K, committed 3992K, reserved 4400K
}

