# JRE version: Java(TM) SE Runtime Environment (8.0_45-b14) (build 1.8.0_45-b14)
# Java VM: Java HotSpot(TM) Server VM (25.45-b02 mixed mode linux-x86 )
Heap:
 PSYoungGen      total 144128K, used 17650K [0x91ac0000, 0x9bcc0000, 0xa7000000)
  eden space 126464K, 0% used [0x91ac0000,0x91ac0000,0x99640000)
  from space 17664K, 99% used [0x99640000,0x9a77cbc0,0x9a780000)
  to   space 13568K, 0% used [0x9a780000,0x9a780000,0x9b4c0000)
 ParOldGen       total 43776K, used 41876K [0x67000000, 0x69ac0000, 0x91ac0000)
  object space 43776K, 95% used [0x67000000,0x698e5240,0x69ac0000)
 Metaspace       used 3928K, capacity 3974K, committed 3992K, reserved 4400K
GC Heap History (10 events):
Event: 3,095 GC heap after
Heap after GC invocations=4 (full 0):
 PSYoungGen      total 35840K, used 2557K [0x91ac0000, 0x94040000, 0xa7000000)
  eden space 33280K, 0% used [0x91ac0000,0x91ac0000,0x93b40000)
  from space 2560K, 99% used [0x93dc0000,0x9403f720,0x94040000)
  to   space 2560K, 0% used [0x93b40000,0x93b40000,0x93dc0000)
 ParOldGen       total 43776K, used 8859K [0x67000000, 0x69ac0000, 0x91ac0000)
  object space 43776K, 20% used [0x67000000,0x678a6ed0,0x69ac0000)
 Metaspace       used 3795K, capacity 3870K, committed 3992K, reserved 4400K
}
Event: 3,558 GC heap before
{Heap before GC invocations=5 (full 0):
 PSYoungGen      total 35840K, used 35837K [0x91ac0000, 0x94040000, 0xa7000000)
  eden space 33280K, 100% used [0x91ac0000,0x93b40000,0x93b40000)
  from space 2560K, 99% used [0x93dc0000,0x9403f720,0x94040000)
  to   space 2560K, 0% used [0x93b40000,0x93b40000,0x93dc0000)
 ParOldGen       total 43776K, used 8859K [0x67000000, 0x69ac0000, 0x91ac0000)
  object space 43776K, 20% used [0x67000000,0x678a6ed0,0x69ac0000)
 Metaspace       used 3803K, capacity 3870K, committed 3992K, reserved 4400K
Event: 3,580 GC heap after
Heap after GC invocations=5 (full 0):
 PSYoungGen      total 35840K, used 2548K [0x91ac0000, 0x96940000, 0xa7000000)
  eden space 33280K, 0% used [0x91ac0000,0x91ac0000,0x93b40000)
  from space 2560K, 99% used [0x93b40000,0x93dbd1b0,0x93dc0000)
  to   space 6912K, 0% used [0x96280000,0x96280000,0x96940000)
 ParOldGen       total 43776K, used 13355K [0x67000000, 0x69ac0000, 0x91ac0000)
  object space 43776K, 30% used [0x67000000,0x67d0acf0,0x69ac0000)
 Metaspace       used 3803K, capacity 3870K, committed 3992K, reserved 4400K
}
Event: 3,972 GC heap before
{Heap before GC invocations=6 (full 0):
 PSYoungGen      total 35840K, used 35828K [0x91ac0000, 0x96940000, 0xa7000000)
  eden space 33280K, 100% used [0x91ac0000,0x93b40000,0x93b40000)
  from space 2560K, 99% used [0x93b40000,0x93dbd1b0,0x93dc0000)
  to   space 6912K, 0% used [0x96280000,0x96280000,0x96940000)
 ParOldGen       total 43776K, used 13355K [0x67000000, 0x69ac0000, 0x91ac0000)
  object space 43776K, 30% used [0x67000000,0x67d0acf0,0x69ac0000)
 Metaspace       used 3822K, capacity 3902K, committed 3992K, reserved 4400K
Event: 4,001 GC heap after
Heap after GC invocations=6 (full 0):
 PSYoungGen      total 72192K, used 6909K [0x91ac0000, 0x96bc0000, 0xa7000000)
  eden space 65280K, 0% used [0x91ac0000,0x91ac0000,0x95a80000)
  from space 6912K, 99% used [0x96280000,0x9693f590,0x96940000)
  to   space 8192K, 0% used [0x95a80000,0x95a80000,0x96280000)
 ParOldGen       total 43776K, used 14463K [0x67000000, 0x69ac0000, 0x91ac0000)
  object space 43776K, 33% used [0x67000000,0x67e1fcb8,0x69ac0000)
 Metaspace       used 3822K, capacity 3902K, committed 3992K, reserved 4400K
}
Event: 4,763 GC heap before
{Heap before GC invocations=7 (full 0):
 PSYoungGen      total 72192K, used 72189K [0x91ac0000, 0x96bc0000, 0xa7000000)
  eden space 65280K, 100% used [0x91ac0000,0x95a80000,0x95a80000)
  from space 6912K, 99% used [0x96280000,0x9693f590,0x96940000)
  to   space 8192K, 0% used [0x95a80000,0x95a80000,0x96280000)
 ParOldGen       total 43776K, used 14463K [0x67000000, 0x69ac0000, 0x91ac0000)
  object space 43776K, 33% used [0x67000000,0x67e1fcb8,0x69ac0000)
 Metaspace       used 3856K, capacity 3934K, committed 3992K, reserved 4400K
Event: 4,833 GC heap after
Heap after GC invocations=7 (full 0):
 PSYoungGen      total 73472K, used 8188K [0x91ac0000, 0x9b4c0000, 0xa7000000)
  eden space 65280K, 0% used [0x91ac0000,0x91ac0000,0x95a80000)
  from space 8192K, 99% used [0x95a80000,0x9627f018,0x96280000)
  to   space 13568K, 0% used [0x9a780000,0x9a780000,0x9b4c0000)
 ParOldGen       total 43776K, used 22973K [0x67000000, 0x69ac0000, 0x91ac0000)
  object space 43776K, 52% used [0x67000000,0x6866f7d0,0x69ac0000)
 Metaspace       used 3856K, capacity 3934K, committed 3992K, reserved 4400K
}
Event: 5,368 GC heap before
{Heap before GC invocations=8 (full 0):
 PSYoungGen      total 73472K, used 73468K [0x91ac0000, 0x9b4c0000, 0xa7000000)
  eden space 65280K, 100% used [0x91ac0000,0x95a80000,0x95a80000)
  from space 8192K, 99% used [0x95a80000,0x9627f018,0x96280000)
  to   space 13568K, 0% used [0x9a780000,0x9a780000,0x9b4c0000)
 ParOldGen       total 43776K, used 22973K [0x67000000, 0x69ac0000, 0x91ac0000)
  object space 43776K, 52% used [0x67000000,0x6866f7d0,0x69ac0000)
 Metaspace       used 3859K, capacity 3934K, committed 3992K, reserved 4400K
Event: 5,460 GC heap after
Heap after GC invocations=8 (full 0):
 PSYoungGen      total 140032K, used 13566K [0x91ac0000, 0x9bcc0000, 0xa7000000)
  eden space 126464K, 0% used [0x91ac0000,0x91ac0000,0x99640000)
  from space 13568K, 99% used [0x9a780000,0x9b4bf9f0,0x9b4c0000)
  to   space 17664K, 0% used [0x99640000,0x99640000,0x9a780000)
 ParOldGen       total 43776K, used 28063K [0x67000000, 0x69ac0000, 0x91ac0000)
  object space 43776K, 64% used [0x67000000,0x68b67dd0,0x69ac0000)
 Metaspace       used 3859K, capacity 3934K, committed 3992K, reserved 4400K
}
Event: 7,112 GC heap before
{Heap before GC invocations=9 (full 0):
 PSYoungGen      total 140032K, used 140030K [0x91ac0000, 0x9bcc0000, 0xa7000000)
  eden space 126464K, 100% used [0x91ac0000,0x99640000,0x99640000)
  from space 13568K, 99% used [0x9a780000,0x9b4bf9f0,0x9b4c0000)
  to   space 17664K, 0% used [0x99640000,0x99640000,0x9a780000)
 ParOldGen       total 43776K, used 28063K [0x67000000, 0x69ac0000, 0x91ac0000)
  object space 43776K, 64% used [0x67000000,0x68b67dd0,0x69ac0000)
 Metaspace       used 3928K, capacity 3974K, committed 3992K, reserved 4400K

